[    0.000000] Linux version 4.15.0-187-generic (buildd@lcy02-amd64-046) (gcc version 7.5.0 (Ubuntu 7.5.0-3ubuntu1~18.04)) #198-Ubuntu SMP Tue Jun 14 03:23:51 UTC 2022 (Ubuntu 4.15.0-187.198-generic 4.15.18)
[    0.000000] Command line: BOOT_IMAGE=/boot/vmlinuz-4.15.0-187-generic root=LABEL=cloudimg-rootfs ro console=tty1 console=ttyS0
[    0.000000] KERNEL supported cpus:
[    0.000000]   Intel GenuineIntel
[    0.000000]   AMD AuthenticAMD
[    0.000000]   Centaur CentaurHauls
[    0.000000] [Firmware Bug]: TSC doesn't count with P0 frequency!
[    0.000000] x86/fpu: Supporting XSAVE feature 0x001: 'x87 floating point registers'
[    0.000000] x86/fpu: Supporting XSAVE feature 0x002: 'SSE registers'
[    0.000000] x86/fpu: Supporting XSAVE feature 0x004: 'AVX registers'
[    0.000000] x86/fpu: xstate_offset[2]:  576, xstate_sizes[2]:  256
[    0.000000] x86/fpu: Enabled xstate features 0x7, context size is 832 bytes, using 'standard' format.
[    0.000000] e820: BIOS-provided physical RAM map:
[    0.000000] BIOS-e820: [mem 0x0000000000000000-0x000000000009fbff] usable
[    0.000000] BIOS-e820: [mem 0x000000000009fc00-0x000000000009ffff] reserved
[    0.000000] BIOS-e820: [mem 0x00000000000f0000-0x00000000000fffff] reserved
[    0.000000] BIOS-e820: [mem 0x0000000000100000-0x000000003ffeffff] usable
[    0.000000] BIOS-e820: [mem 0x000000003fff0000-0x000000003fffffff] ACPI data
[    0.000000] BIOS-e820: [mem 0x00000000fec00000-0x00000000fec00fff] reserved
[    0.000000] BIOS-e820: [mem 0x00000000fee00000-0x00000000fee00fff] reserved
[    0.000000] BIOS-e820: [mem 0x00000000fffc0000-0x00000000ffffffff] reserved
[    0.000000] NX (Execute Disable) protection: active
[    0.000000] SMBIOS 2.5 present.
[    0.000000] DMI: innotek GmbH VirtualBox/VirtualBox, BIOS VirtualBox 12/01/2006
[    0.000000] Hypervisor detected: KVM
[    0.000000] e820: last_pfn = 0x3fff0 max_arch_pfn = 0x400000000
[    0.000000] MTRR: Disabled
[    0.000000] x86/PAT: MTRRs disabled, skipping PAT initialization too.
[    0.000000] CPU MTRRs all blank - virtualized system.
[    0.000000] x86/PAT: Configuration [0-7]: WB  WT  UC- UC  WB  WT  UC- UC  
[    0.000000] found SMP MP-table at [mem 0x0009fff0-0x0009ffff]
[    0.000000] Scanning 1 areas for low memory corruption
[    0.000000] RAMDISK: [mem 0x359c9000-0x36cdbfff]
[    0.000000] ACPI: Early table checksum verification disabled
[    0.000000] ACPI: RSDP 0x00000000000E0000 000024 (v02 VBOX  )
[    0.000000] ACPI: XSDT 0x000000003FFF0030 00003C (v01 VBOX   VBOXXSDT 00000001 ASL  00000061)
[    0.000000] ACPI: FACP 0x000000003FFF00F0 0000F4 (v04 VBOX   VBOXFACP 00000001 ASL  00000061)
[    0.000000] ACPI: DSDT 0x000000003FFF0470 002325 (v02 VBOX   VBOXBIOS 00000002 INTL 20200925)
[    0.000000] ACPI: FACS 0x000000003FFF0200 000040
[    0.000000] ACPI: FACS 0x000000003FFF0200 000040
[    0.000000] ACPI: APIC 0x000000003FFF0240 00005C (v02 VBOX   VBOXAPIC 00000001 ASL  00000061)
[    0.000000] ACPI: SSDT 0x000000003FFF02A0 0001CC (v01 VBOX   VBOXCPUT 00000002 INTL 20200925)
[    0.000000] ACPI: Reserving FACP table memory at [mem 0x3fff00f0-0x3fff01e3]
[    0.000000] ACPI: Reserving DSDT table memory at [mem 0x3fff0470-0x3fff2794]
[    0.000000] ACPI: Reserving FACS table memory at [mem 0x3fff0200-0x3fff023f]
[    0.000000] ACPI: Reserving FACS table memory at [mem 0x3fff0200-0x3fff023f]
[    0.000000] ACPI: Reserving APIC table memory at [mem 0x3fff0240-0x3fff029b]
[    0.000000] ACPI: Reserving SSDT table memory at [mem 0x3fff02a0-0x3fff046b]
[    0.000000] No NUMA configuration found
[    0.000000] Faking a node at [mem 0x0000000000000000-0x000000003ffeffff]
[    0.000000] NODE_DATA(0) allocated [mem 0x3ffc5000-0x3ffeffff]
[    0.000000] kvm-clock: cpu 0, msr 0:3ff44001, primary cpu clock
[    0.000000] kvm-clock: Using msrs 4b564d01 and 4b564d00
[    0.000000] kvm-clock: using sched offset of 3077372001 cycles
[    0.000000] clocksource: kvm-clock: mask: 0xffffffffffffffff max_cycles: 0x1cd42e4dffb, max_idle_ns: 881590591483 ns
[    0.000000] Zone ranges:
[    0.000000]   DMA      [mem 0x0000000000001000-0x0000000000ffffff]
[    0.000000]   DMA32    [mem 0x0000000001000000-0x000000003ffeffff]
[    0.000000]   Normal   empty
[    0.000000]   Device   empty
[    0.000000] Movable zone start for each node
[    0.000000] Early memory node ranges
[    0.000000]   node   0: [mem 0x0000000000001000-0x000000000009efff]
[    0.000000]   node   0: [mem 0x0000000000100000-0x000000003ffeffff]
[    0.000000] Reserved but unavailable: 104 pages
[    0.000000] Initmem setup node 0 [mem 0x0000000000001000-0x000000003ffeffff]
[    0.000000] ACPI: PM-Timer IO Port: 0x4008
[    0.000000] IOAPIC[0]: apic_id 2, version 32, address 0xfec00000, GSI 0-23
[    0.000000] ACPI: INT_SRC_OVR (bus 0 bus_irq 0 global_irq 2 dfl dfl)
[    0.000000] ACPI: INT_SRC_OVR (bus 0 bus_irq 9 global_irq 9 low level)
[    0.000000] Using ACPI (MADT) for SMP configuration information
[    0.000000] smpboot: Allowing 2 CPUs, 0 hotplug CPUs
[    0.000000] PM: Registered nosave memory: [mem 0x00000000-0x00000fff]
[    0.000000] PM: Registered nosave memory: [mem 0x0009f000-0x0009ffff]
[    0.000000] PM: Registered nosave memory: [mem 0x000a0000-0x000effff]
[    0.000000] PM: Registered nosave memory: [mem 0x000f0000-0x000fffff]
[    0.000000] e820: [mem 0x40000000-0xfebfffff] available for PCI devices
[    0.000000] Booting paravirtualized kernel on KVM
[    0.000000] clocksource: refined-jiffies: mask: 0xffffffff max_cycles: 0xffffffff, max_idle_ns: 7645519600211568 ns
[    0.000000] random: get_random_bytes called from start_kernel+0x99/0x500 with crng_init=0
[    0.000000] setup_percpu: NR_CPUS:8192 nr_cpumask_bits:2 nr_cpu_ids:2 nr_node_ids:1
[    0.000000] percpu: Embedded 50 pages/cpu s167936 r8192 d28672 u1048576
[    0.000000] PV qspinlock hash table entries: 256 (order: 0, 4096 bytes)
[    0.000000] Built 1 zonelists, mobility grouping on.  Total pages: 257913
[    0.000000] Policy zone: DMA32
[    0.000000] Kernel command line: BOOT_IMAGE=/boot/vmlinuz-4.15.0-187-generic root=LABEL=cloudimg-rootfs ro console=tty1 console=ttyS0
[    0.000000] Memory: 982644K/1048120K available (12300K kernel code, 2484K rwdata, 4324K rodata, 2468K init, 2724K bss, 65476K reserved, 0K cma-reserved)
[    0.000000] SLUB: HWalign=64, Order=0-3, MinObjects=0, CPUs=2, Nodes=1
[    0.000000] ftrace: allocating 39513 entries in 155 pages
[    0.004000] Hierarchical RCU implementation.
[    0.004000] 	RCU restricting CPUs from NR_CPUS=8192 to nr_cpu_ids=2.
[    0.004000] 	Tasks RCU enabled.
[    0.004000] RCU: Adjusting geometry for rcu_fanout_leaf=16, nr_cpu_ids=2
[    0.004000] NR_IRQS: 524544, nr_irqs: 440, preallocated irqs: 16
[    0.004000] Console: colour VGA+ 80x25
[    0.004000] console [tty1] enabled
[    0.004000] console [ttyS0] enabled
[    0.004000] ACPI: Core revision 20170831
[    0.004000] ACPI: 2 ACPI AML tables successfully acquired and loaded
[    0.004000] APIC: Switch to symmetric I/O mode setup
[    0.004000] x2apic enabled
[    0.004000] Switched APIC routing to physical x2apic.
[    0.004000] ..TIMER: vector=0x30 apic1=0 pin1=2 apic2=-1 pin2=-1
[    0.004000] tsc: Detected 3659.242 MHz processor
[    0.004000] Calibrating delay loop (skipped) preset value.. 7318.48 BogoMIPS (lpj=14636968)
[    0.004000] pid_max: default: 32768 minimum: 301
[    0.004000] Security Framework initialized
[    0.004000] Yama: becoming mindful.
[    0.004000] AppArmor: AppArmor initialized
[    0.004000] Dentry cache hash table entries: 131072 (order: 8, 1048576 bytes)
[    0.004000] Inode-cache hash table entries: 65536 (order: 7, 524288 bytes)
[    0.004000] Mount-cache hash table entries: 2048 (order: 2, 16384 bytes)
[    0.004000] Mountpoint-cache hash table entries: 2048 (order: 2, 16384 bytes)
[    0.004170] Last level iTLB entries: 4KB 1024, 2MB 1024, 4MB 512
[    0.004644] Last level dTLB entries: 4KB 2048, 2MB 2048, 4MB 1024, 1GB 0
[    0.005183] Spectre V1 : Mitigation: usercopy/swapgs barriers and __user pointer sanitization
[    0.005852] Spectre V2 : Mitigation: Retpolines
[    0.006243] Spectre V2 : Spectre v2 / SpectreRSB mitigation: Filling RSB on context switch
[    0.006903] Speculative Store Bypass: Mitigation: Speculative Store Bypass disabled via prctl and seccomp
[    0.008053] Freeing SMP alternatives memory: 36K
[    0.119642] APIC calibration not consistent with PM-Timer: 101ms instead of 100ms
[    0.120000] APIC delta adjusted to PM-Timer: 6249990 (6353984)
[    0.120031] smpboot: CPU0: AMD Ryzen 5 3600 6-Core Processor (family: 0x17, model: 0x71, stepping: 0x0)
[    0.120828] Performance Events: PMU not available due to virtualization, using software events only.
[    0.121649] Hierarchical SRCU implementation.
[    0.122532] NMI watchdog: Perf event create on CPU 0 failed with -2
[    0.123074] NMI watchdog: Perf NMI watchdog permanently disabled
[    0.123568] smp: Bringing up secondary CPUs ...
[    0.124055] x86: Booting SMP configuration:
[    0.124420] .... node  #0, CPUs:      #1
[    0.004000] kvm-clock: cpu 1, msr 0:3ff44041, secondary cpu clock
[    0.127303] smp: Brought up 1 node, 2 CPUs
[    0.127303] smpboot: Max logical packages: 1
[    0.128003] smpboot: Total of 2 processors activated (14636.96 BogoMIPS)
[    0.128604] devtmpfs: initialized
[    0.128604] x86/mm: Memory block size: 128MB
[    0.129125] evm: security.selinux
[    0.129890] evm: security.SMACK64
[    0.129890] evm: security.SMACK64EXEC
[    0.129890] evm: security.SMACK64TRANSMUTE
[    0.129890] evm: security.SMACK64MMAP
[    0.129890] evm: security.apparmor
[    0.130104] evm: security.ima
[    0.130368] evm: security.capability
[    0.132045] clocksource: jiffies: mask: 0xffffffff max_cycles: 0xffffffff, max_idle_ns: 7645041785100000 ns
[    0.132947] futex hash table entries: 512 (order: 3, 32768 bytes)
[    0.132947] pinctrl core: initialized pinctrl subsystem
[    0.133114] RTC time: 15:30:38, date: 07/03/22
[    0.133669] NET: Registered protocol family 16
[    0.134136] audit: initializing netlink subsys (disabled)
[    0.136013] audit: type=2000 audit(1656862242.441:1): state=initialized audit_enabled=0 res=1
[    0.136091] cpuidle: using governor ladder
[    0.140010] cpuidle: using governor menu
[    0.140470] ACPI: bus type PCI registered
[    0.140470] acpiphp: ACPI Hot Plug PCI Controller Driver version: 0.5
[    0.140976] PCI: Using configuration type 1 for base access
[    0.141430] PCI: Using configuration type 1 for extended access
[    0.142062] HugeTLB registered 2.00 MiB page size, pre-allocated 0 pages
[    0.144040] ACPI: Added _OSI(Module Device)
[    0.144463] ACPI: Added _OSI(Processor Device)
[    0.144856] ACPI: Added _OSI(3.0 _SCP Extensions)
[    0.145298] ACPI: Added _OSI(Processor Aggregator Device)
[    0.145774] ACPI: Added _OSI(Linux-Dell-Video)
[    0.146199] ACPI: Added _OSI(Linux-Lenovo-NV-HDMI-Audio)
[    0.146664] ACPI: Added _OSI(Linux-HPI-Hybrid-Graphics)
[    0.147236] ACPI: Executed 1 blocks of module-level executable AML code
[    0.150007] ACPI: Interpreter enabled
[    0.150332] ACPI: (supports S0 S5)
[    0.150686] ACPI: Using IOAPIC for interrupt routing
[    0.151255] PCI: Using host bridge windows from ACPI; if necessary, use "pci=nocrs" and report a bug
[    0.152081] ACPI: Enabled 2 GPEs in block 00 to 07
[    0.156244] ACPI: PCI Root Bridge [PCI0] (domain 0000 [bus 00-ff])
[    0.156831] acpi PNP0A03:00: _OSC: OS supports [ExtendedConfig ASPM ClockPM Segments MSI]
[    0.158142] acpi PNP0A03:00: _OSC: platform does not support [PCIeCapability]
[    0.159023] acpi PNP0A03:00: _OSC: not requesting control; platform does not support [PCIeCapability]
[    0.159839] acpi PNP0A03:00: _OSC: OS requested [PCIeHotplug PME AER PCIeCapability]
[    0.160002] acpi PNP0A03:00: _OSC: platform willing to grant [PCIeHotplug PME AER]
[    0.160634] acpi PNP0A03:00: _OSC failed (AE_SUPPORT); disabling ASPM
[    0.161342] PCI host bridge to bus 0000:00
[    0.161687] pci_bus 0000:00: root bus resource [io  0x0000-0x0cf7 window]
[    0.162252] pci_bus 0000:00: root bus resource [io  0x0d00-0xffff window]
[    0.162848] pci_bus 0000:00: root bus resource [mem 0x000a0000-0x000bffff window]
[    0.164002] pci_bus 0000:00: root bus resource [mem 0x40000000-0xfdffffff window]
[    0.164642] pci_bus 0000:00: root bus resource [bus 00-ff]
[    0.165939] pci 0000:00:01.1: legacy IDE quirk: reg 0x10: [io  0x01f0-0x01f7]
[    0.166531] pci 0000:00:01.1: legacy IDE quirk: reg 0x14: [io  0x03f6]
[    0.167060] pci 0000:00:01.1: legacy IDE quirk: reg 0x18: [io  0x0170-0x0177]
[    0.168002] pci 0000:00:01.1: legacy IDE quirk: reg 0x1c: [io  0x0376]
[    0.174310] pci 0000:00:07.0: quirk: [io  0x4000-0x403f] claimed by PIIX4 ACPI
[    0.174911] pci 0000:00:07.0: quirk: [io  0x4100-0x410f] claimed by PIIX4 SMB
[    0.179169] ACPI: PCI Interrupt Link [LNKA] (IRQs 5 9 10 *11)
[    0.180004] ACPI: PCI Interrupt Link [LNKB] (IRQs 5 9 *10 11)
[    0.180551] ACPI: PCI Interrupt Link [LNKC] (IRQs 5 *9 10 11)
[    0.181175] ACPI: PCI Interrupt Link [LNKD] (IRQs 5 9 10 *11)
[    0.181878] SCSI subsystem initialized
[    0.182222] pci 0000:00:02.0: vgaarb: setting as boot VGA device
[    0.182222] pci 0000:00:02.0: vgaarb: VGA device added: decodes=io+mem,owns=io+mem,locks=none
[    0.182222] pci 0000:00:02.0: vgaarb: bridge control possible
[    0.182222] vgaarb: loaded
[    0.182222] ACPI: bus type USB registered
[    0.182222] usbcore: registered new interface driver usbfs
[    0.182222] usbcore: registered new interface driver hub
[    0.182222] usbcore: registered new device driver usb
[    0.184017] EDAC MC: Ver: 3.0.0
[    0.184386] PCI: Using ACPI for IRQ routing
[    0.184503] NetLabel: Initializing
[    0.184898] NetLabel:  domain hash size = 128
[    0.185324] NetLabel:  protocols = UNLABELED CIPSOv4 CALIPSO
[    0.188019] NetLabel:  unlabeled traffic allowed by default
[    0.188501] clocksource: Switched to clocksource kvm-clock
[    0.196224] VFS: Disk quotas dquot_6.6.0
[    0.196579] VFS: Dquot-cache hash table entries: 512 (order 0, 4096 bytes)
[    0.197222] AppArmor: AppArmor Filesystem Enabled
[    0.197606] pnp: PnP ACPI init
[    0.198424] pnp: PnP ACPI: found 3 devices
[    0.205606] clocksource: acpi_pm: mask: 0xffffff max_cycles: 0xffffff, max_idle_ns: 2085701024 ns
[    0.206363] NET: Registered protocol family 2
[    0.206774] IP idents hash table entries: 16384 (order: 5, 131072 bytes)
[    0.207952] TCP established hash table entries: 8192 (order: 4, 65536 bytes)
[    0.208510] TCP bind hash table entries: 8192 (order: 5, 131072 bytes)
[    0.209068] TCP: Hash tables configured (established 8192 bind 8192)
[    0.209758] UDP hash table entries: 512 (order: 2, 16384 bytes)
[    0.210244] UDP-Lite hash table entries: 512 (order: 2, 16384 bytes)
[    0.210745] NET: Registered protocol family 1
[    0.211104] pci 0000:00:00.0: Limiting direct PCI/PCI transfers
[    0.211571] pci 0000:00:01.0: Activating ISA DMA hang workarounds
[    0.212069] pci 0000:00:02.0: Video device with shadowed ROM at [mem 0x000c0000-0x000dffff]
[    0.212769] Unpacking initramfs...
[    0.424821] Freeing initrd memory: 19532K
[    0.425325] clocksource: tsc: mask: 0xffffffffffffffff max_cycles: 0x34beef7a8f0, max_idle_ns: 440795334479 ns
[    0.426224] platform rtc_cmos: registered platform RTC device (no PNP device found)
[    0.426910] Scanning for low memory corruption every 60 seconds
[    0.427930] Initialise system trusted keyrings
[    0.428391] Key type blacklist registered
[    0.428808] workingset: timestamp_bits=36 max_order=18 bucket_order=0
[    0.429925] zbud: loaded
[    0.430549] squashfs: version 4.0 (2009/01/31) Phillip Lougher
[    0.431219] fuse init (API version 7.26)
[    0.433299] Key type asymmetric registered
[    0.433678] Asymmetric key parser 'x509' registered
[    0.434114] Block layer SCSI generic (bsg) driver version 0.4 loaded (major 246)
[    0.434775] io scheduler noop registered
[    0.435149] io scheduler deadline registered
[    0.435570] io scheduler cfq registered (default)
[    0.436164] ACPI: AC Adapter [AC] (on-line)
[    0.436589] input: Power Button as /devices/LNXSYSTM:00/LNXPWRBN:00/input/input0
[    0.437198] ACPI: Power Button [PWRF]
[    0.437548] input: Sleep Button as /devices/LNXSYSTM:00/LNXSLPBN:00/input/input1
[    0.438152] ACPI: Sleep Button [SLPF]
[    0.438684] Serial: 8250/16550 driver, 32 ports, IRQ sharing enabled
[    0.459587] 00:02: ttyS0 at I/O 0x3f8 (irq = 4, base_baud = 115200) is a 16550A
[    0.461623] Linux agpgart interface v0.103
[    0.462926] loop: module loaded
[    0.463572] scsi host0: ata_piix
[    0.464021] scsi host1: ata_piix
[    0.464328] ata1: PATA max UDMA/33 cmd 0x1f0 ctl 0x3f6 bmdma 0xd000 irq 14
[    0.464890] ata2: PATA max UDMA/33 cmd 0x170 ctl 0x376 bmdma 0xd008 irq 15
[    0.465500] tun: Universal TUN/TAP device driver, 1.6
[    0.465970] PPP generic driver version 2.4.2
[    0.466504] ehci_hcd: USB 2.0 'Enhanced' Host Controller (EHCI) Driver
[    0.467073] ehci-pci: EHCI PCI platform driver
[    0.467513] ehci-platform: EHCI generic platform driver
[    0.467991] ohci_hcd: USB 1.1 'Open' Host Controller (OHCI) Driver
[    0.468576] ohci-pci: OHCI PCI platform driver
[    0.468978] ohci-platform: OHCI generic platform driver
[    0.469484] uhci_hcd: USB Universal Host Controller Interface driver
[    0.470078] i8042: PNP: PS/2 Controller [PNP0303:PS2K,PNP0f03:PS2M] at 0x60,0x64 irq 1,12
[    0.471140] serio: i8042 KBD port at 0x60,0x64 irq 1
[    0.471616] serio: i8042 AUX port at 0x60,0x64 irq 12
[    0.472189] mousedev: PS/2 mouse device common for all mice
[    0.472966] input: AT Translated Set 2 keyboard as /devices/platform/i8042/serio0/input/input2
[    0.473878] rtc_cmos rtc_cmos: rtc core: registered rtc_cmos as rtc0
[    0.474491] rtc_cmos rtc_cmos: alarms up to one day, 114 bytes nvram
[    0.475022] i2c /dev entries driver
[    0.475403] device-mapper: uevent: version 1.0.3
[    0.475870] device-mapper: ioctl: 4.37.0-ioctl (2017-09-20) initialised: dm-devel@redhat.com
[    0.476590] ledtrig-cpu: registered to indicate activity on CPUs
[    0.477398] NET: Registered protocol family 10
[    0.479929] Segment Routing with IPv6
[    0.480299] NET: Registered protocol family 17
[    0.480725] Key type dns_resolver registered
[    0.481226] mce: Using 0 MCE banks
[    0.481567] RAS: Correctable Errors collector initialized.
[    0.482066] sched_clock: Marking stable (481209609, 0)->(563996988, -82787379)
[    0.482924] registered taskstats version 1
[    0.483386] Loading compiled-in X.509 certificates
[    0.485012] Loaded X.509 cert 'Build time autogenerated kernel key: 979a73de01c113c656ad15d85e66cc9cfc8996b6'
[    0.486179] Loaded X.509 cert 'Canonical Ltd. Live Patch Signing: 14df34d1a87cf37625abec039ef2bf521249b969'
[    0.487361] Loaded X.509 cert 'Canonical Ltd. Kernel Module Signing: 88f752e560a1e0737e31163a466ad7b70a850c19'
[    0.488376] blacklist: Loading compiled-in revocation X.509 certificates
[    0.488938] Loaded X.509 cert 'Canonical Ltd. Secure Boot Signing: 61482aa2830d0ab2ad5af10b7250da9033ddcef0'
[    0.489873] zswap: loaded using pool lzo/zbud
[    0.492104] Key type big_key registered
[    0.492512] Key type trusted registered
[    0.493776] Key type encrypted registered
[    0.494216] AppArmor: AppArmor sha1 policy hashing enabled
[    0.494727] ima: No TPM chip found, activating TPM-bypass! (rc=-19)
[    0.495235] ima: Allocated hash algorithm: sha1
[    0.495667] evm: HMAC attrs: 0x1
[    0.496117]   Magic number: 14:299:537
[    0.496501] tty ttyS17: hash matches
[    0.496866] rtc_cmos rtc_cmos: setting system clock to 2022-07-03 15:30:38 UTC (1656862238)
[    0.497681] BIOS EDD facility v0.16 2004-Jun-25, 0 devices found
[    0.498313] EDD information not available.
[    0.650118] Freeing unused kernel image memory: 2468K
[    0.664010] Write protecting the kernel read-only data: 20480k
[    0.664981] Freeing unused kernel image memory: 2008K
[    0.665713] Freeing unused kernel image memory: 1820K
[    0.672136] x86/mm: Checked W+X mappings: passed, no W+X pages found.
Loading, please wait...
starting version 237
[    0.714638] e1000: Intel(R) PRO/1000 Network Driver - version 7.3.21-k8-NAPI
[    0.715248] e1000: Copyright (c) 1999-2006 Intel Corporation.
[    0.730243] Fusion MPT base driver 3.04.20
[    0.730652] Copyright (c) 1999-2008 LSI Corporation
[    0.732552] AVX2 version of gcm_enc/dec engaged.
[    0.733033] AES CTR mode by8 optimization enabled
[    0.745214] Fusion MPT SPI Host driver 3.04.20
[    0.930115] input: ImExPS/2 Generic Explorer Mouse as /devices/platform/i8042/serio1/input/input4
[    1.440433] e1000 0000:00:03.0 eth0: (PCI:33MHz:32-bit) 02:77:ed:63:d5:e3
[    1.441025] e1000 0000:00:03.0 eth0: Intel(R) PRO/1000 Network Connection
[    2.033964] e1000 0000:00:08.0 eth1: (PCI:33MHz:32-bit) 08:00:27:51:97:3c
[    2.034550] e1000 0000:00:08.0 eth1: Intel(R) PRO/1000 Network Connection
[    2.036196] e1000 0000:00:08.0 enp0s8: renamed from eth1
[    2.036643] mptbase: ioc0: Initiating bringup
[    2.056343] e1000 0000:00:03.0 enp0s3: renamed from eth0
[    2.456206] ioc0: LSI53C1030 A0: Capabilities={Initiator}
[    2.697472] scsi host2: ioc0: LSI53C1030 A0, FwRev=00000000h, Ports=1, MaxQ=256, IRQ=20
[    2.908329] scsi 2:0:0:0: Direct-Access     VBOX     HARDDISK         1.0  PQ: 0 ANSI: 5
[    2.940026] scsi target2:0:0: Beginning Domain Validation
[    2.941635] scsi target2:0:0: Domain Validation skipping write tests
[    2.942934] scsi target2:0:0: Ending Domain Validation
[    2.944017] scsi target2:0:0: asynchronous
[    2.945890] scsi 2:0:1:0: Direct-Access     VBOX     HARDDISK         1.0  PQ: 0 ANSI: 5
[    3.660019] scsi target2:0:1: Beginning Domain Validation
[    3.661799] scsi target2:0:1: Domain Validation skipping write tests
[    3.663062] scsi target2:0:1: Ending Domain Validation
[    3.664198] random: fast init done
[    3.664963] scsi target2:0:1: asynchronous
[    3.669038] random: systemd-udevd: uninitialized urandom read (16 bytes read)
[    3.669227] sd 2:0:0:0: [sda] 83886080 512-byte logical blocks: (42.9 GB/40.0 GiB)
[    3.670161] random: systemd-udevd: uninitialized urandom read (16 bytes read)
[    3.671680] sd 2:0:0:0: [sda] Write Protect is off
[    3.672648] random: systemd-udevd: uninitialized urandom read (16 bytes read)
[    3.674721] sd 2:0:0:0: [sda] Incomplete mode parameter data
[    3.674836] sd 2:0:0:0: Attached scsi generic sg0 type 0
[    3.675994] sd 2:0:0:0: [sda] Assuming drive cache: write through
[    3.677265] sd 2:0:1:0: Attached scsi generic sg1 type 0
[    3.678205] sd 2:0:1:0: [sdb] 20480 512-byte logical blocks: (10.5 MB/10.0 MiB)
[    3.680473] sd 2:0:1:0: [sdb] Write Protect is off
[    3.681641] sd 2:0:1:0: [sdb] Incomplete mode parameter data
[    3.682816] sd 2:0:1:0: [sdb] Assuming drive cache: write through
[    3.684439]  sda: sda1
[    3.685694] sd 2:0:0:0: [sda] Attached SCSI disk
[    3.686845] sd 2:0:1:0: [sdb] Attached SCSI disk
Begin: Loading essential drivers ... [    5.080019] raid6: sse2x1   gen()  8161 MB/s
[    5.128015] raid6: sse2x1   xor()  8208 MB/s
[    5.176014] raid6: sse2x2   gen() 16722 MB/s
[    5.224017] raid6: sse2x2   xor() 11106 MB/s
[    5.272023] raid6: sse2x4   gen() 17682 MB/s
[    5.320013] raid6: sse2x4   xor()  9689 MB/s
[    5.368013] raid6: avx2x1   gen() 19306 MB/s
[    5.416013] raid6: avx2x1   xor() 15701 MB/s
[    5.464014] raid6: avx2x2   gen() 34231 MB/s
[    5.512012] raid6: avx2x2   xor() 20971 MB/s
[    5.560016] raid6: avx2x4   gen() 35509 MB/s
[    5.608016] raid6: avx2x4   xor() 16742 MB/s
[    5.608439] raid6: using algorithm avx2x4 gen() 35509 MB/s
[    5.608916] raid6: .... xor() 16742 MB/s, rmw enabled
[    5.609364] raid6: using avx2x2 recovery algorithm
[    5.610525] xor: automatically using best checksumming function   avx       
[    5.611723] async_tx: api initialized (async)
done.
Begin: Running /scripts/init-premount ... done.
Begin: Mounting root file system ... Begin: Running /scripts/local-top ... done.
Begin: Running /scripts/local-premount ... [    5.641965] Btrfs loaded, crc32c=crc32c-intel
Scanning for Btrfs filesystems
done.
Warning: fsck not present, so skipping root file system
[    5.661052] EXT4-fs (sda1): mounted filesystem with ordered data mode. Opts: (null)
done.
Begin: Running /scripts/local-bottom ... done.
Begin: Running /scripts/init-bottom ... done.
[    5.791435] ip_tables: (C) 2000-2006 Netfilter Core Team
[    5.798052] systemd[1]: systemd 237 running in system mode. (+PAM +AUDIT +SELINUX +IMA +APPARMOR +SMACK +SYSVINIT +UTMP +LIBCRYPTSETUP +GCRYPT +GNUTLS +ACL +XZ +LZ4 +SECCOMP +BLKID +ELFUTILS +KMOD -IDN2 +IDN -PCRE2 default-hierarchy=hybrid)
[    5.800052] systemd[1]: Detected virtualization oracle.
[    5.800565] systemd[1]: Detected architecture x86-64.

Welcome to [1mUbuntu 18.04.6 LTS[0m!

[    5.804460] systemd[1]: Set hostname to <ubuntu>.
[    5.807838] systemd[1]: Initializing machine ID from random generator.
[    5.808483] systemd[1]: Installed transient /etc/machine-id file.
[    5.983482] systemd[1]: Reached target Swap.
[[0;32m  OK  [0m] Reached target Swap.
[    5.985320] systemd[1]: Created slice System Slice.
[[0;32m  OK  [0m] Created slice System Slice.
[    5.997778] systemd[1]: Listening on udev Control Socket.
[[0;32m  OK  [0m] Listening on udev Control Socket.
[    5.998938] systemd[1]: Set up automount Arbitrary Executable File Formats File System Automount Point.
[[0;32m  OK  [0m] Set up automount Arbitrary Executab…rmats File System Automount Point.
[[0;32m  OK  [0m] Listening on LVM2 metadata daemon socket.
[[0;32m  OK  [0m] Started Forward Password Requests to Wall Directory Watch.
[[0;32m  OK  [0m] Listening on udev Kernel Socket.
[[0;32m  OK  [0m] Listening on Network Service Netlink Socket.
[[0;32m  OK  [0m] Created slice system-serial\x2dgetty.slice.
[[0;32m  OK  [0m] Listening on Journal Socket.
         Starting Uncomplicated firewall...
         Starting Load Kernel Modules...
         Mounting Huge Pages File System...
[[0;32m  OK  [0m] Reached target User and Group Name Lookups.
[[0;32m  OK  [0m] Listening on Syslog Socket.
[[0;32m  OK  [0m] Listening on Journal Audit Socket.
[[0;32m  OK  [0m] Listening on fsck to fsckd communication Socket.
[    6.050566] Loading iSCSI transport class v2.0-870.
         Starting File System Check on Root Device...
         Starting Create list of required st…ce nodes for the current kernel...
[[0;32m  OK  [0m] Listening on /dev/initctl Compatibility Named Pipe.
[[0;32m  OK  [0m] Created slice User and Session Slice.
[[0;32m  OK  [0m] Reached target Slices.
[    6.056610] iscsi: registered transport (tcp)
         Starting Set the console keyboard layout...
         Mounting Kernel Debug File System...
[[0;32m  OK  [0m] Reached target System Time Synchronized.
[[0;32m  OK  [0m] Listening on Journal Socket (/dev/log).
         Starting Journal Service...
         Starting udev Coldplug all Devices...
[[0;32m  OK  [0m] Listening on LVM2 poll daemon socket.
         Mounting POSIX Message Queue File System...
[[0;32m  OK  [0m] Listening on Device-mapper event daemon FIFOs.
         Starting Monitoring of LVM2 mirrors…ng dmeventd or progress polling...
[[0;32m  OK  [0m] Started Uncomplicated firewall.
[[0;32m  OK  [0m] Mounted Huge Pages File System.
[[0;32m  OK  [0m] Mounted Kernel Debug File System.
[[0;32m  OK  [0m] Mounted POSIX Message Queue File System.
[[0;32m  OK  [0m] Started File System Check Daemon to report status.
[[0;32m  OK  [0m] Started Create list of required sta…vice nodes for the current kernel.
         Starting Create Static Device Nodes in /dev...
[[0;32m  OK  [0m] Started Journal Service.
[[0;32m  OK  [0m] Started udev Coldplug all Devices.
[[0;32m  OK  [0m] Started LVM2 metadata daemon.
[    6.158692] iscsi: registered transport (iser)
[[0;32m  OK  [0m] Started Load Kernel Modules.
         Mounting Kernel Configuration File System...
         Mounting FUSE Control File System...
         Starting Apply Kernel Variables...
[[0;32m  OK  [0m] Mounted Kernel Configuration File System.
[[0;32m  OK  [0m] Mounted FUSE Control File System.
[[0;32m  OK  [0m] Started Create Static Device Nodes in /dev.
[[0;32m  OK  [0m] Started File System Check on Root Device.
         Starting Remount Root and Kernel File Systems...
[[0;32m  OK  [0m] Started Remount Root and Kernel File Systems.
         Starting udev Kernel Device Manager...
         Starting Flush Journal to Persistent Storage...
         Starting Load/Save Random Seed...
[[0;32m  OK  [0m] Started Monitoring of LVM2 mirrors,…sing dmeventd or progress polling.
[[0;32m  OK  [0m] Started Apply Kernel Variables.
[[0;32m  OK  [0m] Started udev Kernel Device Manager.
[[0;32m  OK  [0m] Started Load/Save Random Seed.
[[0;32m  OK  [0m] Started Flush Journal to Persistent Storage.
[[0;32m  OK  [0m] Found device /dev/ttyS0.
[[0;32m  OK  [0m] Listening on Load/Save RF Kill Switch Status /dev/rfkill Watch.
[[0;32m  OK  [0m] Started Set the console keyboard layout.
[[0;32m  OK  [0m] Started Dispatch Password Requests to Console Directory Watch.
[[0;32m  OK  [0m] Reached target Local Encrypted Volumes.
[[0;32m  OK  [0m] Reached target Local File Systems (Pre).
[[0;32m  OK  [0m] Reached target Local File Systems.
         Starting Tell Plymouth To Write Out Runtime Data...
         Starting Create Volatile Files and Directories...
         Starting Commit a transient machine-id on disk...
         Starting Set console font and keymap...
         Starting AppArmor initialization...
         Starting ebtables ruleset management...
[[0;32m  OK  [0m] Started Tell Plymouth To Write Out Runtime Data.
[[0;32m  OK  [0m] Started Create Volatile Files and Directories.
         Starting Update UTMP about System Boot/Shutdown...
[[0;32m  OK  [0m] Started Update UTMP about System Boot/Shutdown.
[[0;32m  OK  [0m] Started Commit a transient machine-id on disk.
[[0;32m  OK  [0m] Started ebtables ruleset management.
[[0;32m  OK  [0m] Started Set console font and keymap.
[[0;32m  OK  [0m] Started AppArmor initialization.
         Starting Load AppArmor profiles managed internally by snapd...
         Starting Initial cloud-init job (pre-networking)...
[[0;32m  OK  [0m] Started Load AppArmor profiles managed internally by snapd.
[    8.095892] cloud-init[806]: Cloud-init v. 22.2-0ubuntu1~18.04.2 running 'init-local' at Sun, 03 Jul 2022 15:30:45 +0000. Up 7.89 seconds.
[[0;32m  OK  [0m] Started Initial cloud-init job (pre-networking).
[[0;32m  OK  [0m] Reached target Network (Pre).
         Starting Network Service...
[[0;32m  OK  [0m] Started Network Service.
         Starting Network Name Resolution...
         Starting Wait for Network to be Configured...
[[0;32m  OK  [0m] Started Network Name Resolution.
[[0;32m  OK  [0m] Reached target Host and Network Name Lookups.
[[0;32m  OK  [0m] Reached target Network.
[[0;32m  OK  [0m] Started Wait for Network to be Configured.
         Starting Initial cloud-init job (metadata service crawler)...
[    9.970316] cloud-init[923]: Cloud-init v. 22.2-0ubuntu1~18.04.2 running 'init' at Sun, 03 Jul 2022 15:30:47 +0000. Up 9.87 seconds.
[    9.971595] cloud-init[923]: ci-info: ++++++++++++++++++++++++++++++++++++++Net device info+++++++++++++++++++++++++++++++++++++++
[    9.984064] cloud-init[923]: ci-info: +--------+-------+----------------------------+---------------+--------+-------------------+
[    9.984443] cloud-init[923]: ci-info: | Device |   Up  |          Address           |      Mask     | Scope  |     Hw-Address    |
[    9.996054] cloud-init[923]: ci-info: +--------+-------+----------------------------+---------------+--------+-------------------+
[   10.012465] cloud-init[923]: ci-info: | enp0s3 |  True |         10.0.2.15          | 255.255.255.0 | global | 02:77:ed:63:d5:e3 |
[   10.012959] cloud-init[923]: ci-info: | enp0s3 |  True | fe80::77:edff:fe63:d5e3/64 |       .       |  link  | 02:77:ed:63:d5:e3 |
[   10.013336] cloud-init[923]: ci-info: | enp0s8 | False |             .              |       .       |   .    | 08:00:27:51:97:3c |
[   10.013702] cloud-init[923]: ci-info: |   lo   |  True |         127.0.0.1          |   255.0.0.0   |  host  |         .         |
[   10.014091] cloud-init[923]: ci-info: |   lo   |  True |          ::1/128           |       .       |  host  |         .         |
[   10.014523] cloud-init[923]: ci-info: +--------+-------+----------------------------+---------------+--------+-------------------+
[   10.024072] cloud-init[923]: ci-info: ++++++++++++++++++++++++++++Route IPv4 info+++++++++++++++++++++++++++++
[   10.036093] cloud-init[923]: ci-info: +-------+-------------+----------+-----------------+-----------+-------+
[   10.048223] cloud-init[923]: ci-info: | Route | Destination | Gateway  |     Genmask     | Interface | Flags |
[   10.048674] cloud-init[923]: ci-info: +-------+-------------+----------+-----------------+-----------+-------+
[   10.064066] cloud-init[923]: ci-info: |   0   |   0.0.0.0   | 10.0.2.2 |     0.0.0.0     |   enp0s3  |   UG  |
[   10.076224] cloud-init[923]: ci-info: |   1   |   10.0.2.0  | 0.0.0.0  |  255.255.255.0  |   enp0s3  |   U   |
[   10.077383] cloud-init[923]: ci-info: |   2   |   10.0.2.2  | 0.0.0.0  | 255.255.255.255 |   enp0s3  |   UH  |
[   10.078880] cloud-init[923]: ci-info: +-------+-------------+----------+-----------------+-----------+-------+
[   10.080316] cloud-init[923]: ci-info: +++++++++++++++++++Route IPv6 info+++++++++++++++++++
[   10.081629] cloud-init[923]: ci-info: +-------+-------------+---------+-----------+-------+
[   10.082697] cloud-init[923]: ci-info: | Route | Destination | Gateway | Interface | Flags |
[   10.083836] cloud-init[923]: ci-info: +-------+-------------+---------+-----------+-------+
[   10.085047] cloud-init[923]: ci-info: |   1   |  fe80::/64  |    ::   |   enp0s3  |   U   |
[   10.086266] cloud-init[923]: ci-info: |   3   |    local    |    ::   |   enp0s3  |   U   |
[   10.087418] cloud-init[923]: ci-info: |   4   |   ff00::/8  |    ::   |   enp0s3  |   U   |
[   10.088680] cloud-init[923]: ci-info: +-------+-------------+---------+-----------+-------+
[   10.742118] cloud-init[923]: Generating public/private rsa key pair.
[   10.756259] cloud-init[923]: Your identification has been saved in /etc/ssh/ssh_host_rsa_key.
[   10.756602] cloud-init[923]: Your public key has been saved in /etc/ssh/ssh_host_rsa_key.pub.
[   10.756879] cloud-init[923]: The key fingerprint is:
[   10.768220] cloud-init[923]: SHA256:3VaeQ6jnUemNiPJDos5ytEPJrXVnp5BTDgOwLx/sPeE root@ubuntu-bionic
[   10.768598] cloud-init[923]: The key's randomart image is:
[[0;32m  OK  [0m[   10.780109] cloud-init[923]: +---[RSA 2048]----+
[   10.780183] cloud-init[923]: |      ..         |
[   10.780279] cloud-init[923]: |       ..    . . |
[   10.780378] cloud-init[923]: |      .  .  . =  |
[   10.780447] cloud-init[923]: |       o .o+.B + |
[   10.780560] cloud-init[923]: |     ..oS *** * .|
[   10.780632] cloud-init[923]: |      ==oO==+... |
[   10.780707] cloud-init[923]: |     o.+o.E=.o   |
[   10.780808] cloud-init[923]: |    .o=    o.    |
[   10.780848] cloud-init[923]: |     oo.         |
[   10.780895] cloud-init[923]: +----[SHA256]-----+
[   10.780959] cloud-init[923]: Generating public/private dsa key pair.
[   10.781010] cloud-init[923]: Your identification has been saved in /etc/ssh/ssh_host_dsa_key.
[   10.781084] cloud-init[923]: Your public key has been saved in /etc/ssh/ssh_host_dsa_key.pub.
[   10.781192] cloud-init[923]: The key fingerprint is:
[   10.781309] cloud-init[923]: SHA256:HWb+lG5ETdwDGca8TRDq4AWJ57a3ZyvJ9S5lOIcLXVM root@ubuntu-bionic
[   10.781340] cloud-init[923]: The key's randomart image is:
[   10.781379] cloud-init[923]: +---[DSA 1024]----+
[   10.781500] cloud-init[923]: |        ... oBB. |
[   10.781604] cloud-init[923]: |       . o. o*.oE|
[   10.781648] cloud-init[923]: |        o.+o. = o|
[   10.781754] cloud-init[923]: |        .B+o o + |
[   10.781791] cloud-init[923]: |        S.+.= + .|
[   10.781862] cloud-init[923]: |         . B * + |
[   10.781916] cloud-init[923]: |          o O B  |
[   10.782049] cloud-init[923]: |           * = . |
[   10.782095] cloud-init[923]: |            +.+. |
[   10.782195] cloud-init[923]: +----[SHA256]-----+
[   10.782237] cloud-init[923]: Generating public/private ecdsa key pair.
[   10.782313] cloud-init[923]: Your identification has been saved in /etc/ssh/ssh_host_ecdsa_key.
[   10.782353] cloud-init[923]: Your public key has been saved in /etc/ssh/ssh_host_ecdsa_key.pub.
[   10.782426] cloud-init[923]: The key fingerprint is:
[   10.782495] cloud-init[923]: SHA256:dWZSTNTErhvAxeYOb0uqUetYPMA+6+Ej3DZPrWvGyPU root@ubuntu-bionic
[   10.782537] cloud-init[923]: The key's randomart image is:
[   10.782621] cloud-init[923]: +---[ECDSA 256]---+
[   10.782734] cloud-init[923]: |           =++.  |
[   10.782809] cloud-init[923]: |           .= o  |
[   10.782915] cloud-init[923]: |         .o++.   |
[   10.782952] cloud-init[923]: |       . .+=. .  |
[   10.783028] cloud-init[923]: |        S .= .   |
[   10.783118] cloud-init[923]: |       . +.oB    |
[   10.783187] cloud-init[923]: |     . o=+*=.+   |
[   10.783236] cloud-init[923]: |      o.BX=oE    |
[   10.783268] cloud-init[923]: |       +*B=.     |
[   10.783310] cloud-init[923]: +----[SHA256]-----+
[   10.783379] cloud-init[923]: Generating public/private ed25519 key pair.
[   10.783512] cloud-init[923]: Your identification has been saved in /etc/ssh/ssh_host_ed25519_key.
] Started Initial cloud-init job (metadata service crawler).
[   10.783552] cloud-init[923]: Your public key has been saved in /etc/ssh/ssh_host_ed25519_key.pub.
[[0;32m  OK  [0m] Reached target System Initialization.
[   10.808056] cloud-init[923]: The key fingerprint is:
[[   10.820053] [0;32m  OK  [0mcloud-init] [923]: Listening on ACPID Listen Socket.SHA256:9Xsv/cfY5P+TtST5EDWPvg6OVeKecJE5eVregfP8mzw root@ubuntu-bionic

[   10.820091] cloud-init[923]: The key's randomart image is:
[   10.820121] cloud-init[923]: +--[ED25519 256]--+
[   10.820215] cloud-init[923]: |                 |
[   10.820268] cloud-init[923]: |               o |
[   10.820357] cloud-init[923]: |          .   ..o|
[   10.821140] cloud-init[923]: |         . . =o .|
[   10.821212] cloud-init[923]: |        S   O+*. |
[   10.821320] cloud-init[923]: |           . #=o+|
[   10.821413] cloud-init[923]: |          . B B@=|
[[0;32m  OK  [0m] Started Ubuntu Advantage Timer for running repeated jobs.
[   10.821464] cloud-init[923]: |           B +=EO|
[   10.821532] cloud-init[923]: |          . +..=#|
[   10.821620] cloud-init[923]: +----[SHA256]-----+
[[0;32m  OK  [0m] Started Daily Cleanup of Temporary Directories.
[[0;32m  OK  [0m] Listening on D-Bus System Message Bus Socket.
[[0;32m  OK  [0m] Listening on cloud-init hotplug hook socket.
[[0;32m  OK  [0m] Started Message of the Day.
         Starting Socket activation for snappy daemon.
[[0;32m  OK  [0m] Started Trigger to poll for Ubuntu …(Only enabled on GCP LTS non-pro).
[[0;32m  OK  [0m] Started Discard unused blocks once a week.
         Starting LXD - unix socket.
[[0;32m  OK  [0m] Started Daily apt download activities.
[[0;32m  OK  [0m] Listening on UUID daemon activation socket.
[[0;32m  OK  [0m] Started Daily apt upgrade and clean activities.
[[0;32m  OK  [0m] Reached target Timers.
[[0;32m  OK  [0m] Started ACPI Events Check.
[[0;32m  OK  [0m] Reached target Paths.
[[0;32m  OK  [0m] Listening on Open-iSCSI iscsid Socket.
[[0;32m  OK  [0m] Reached target Cloud-config availability.
[[0;32m  OK  [0m] Reached target Network is Online.
[[0;32m  OK  [0m] Reached target Remote File Systems (Pre).
[[0;32m  OK  [0m] Reached target Remote File Systems.
         Starting Availability of block devices...
[[0;32m  OK  [0m] Listening on Socket activation for snappy daemon.
[[0;32m  OK  [0m] Listening on LXD - unix socket.
[[0;32m  OK  [0m] Reached target Sockets.
[[0;32m  OK  [0m] Reached target Basic System.
         Starting LSB: Record successful boot for GRUB...
         Starting Login Service...
         Starting Virtualbox guest utils...
[[0;32m  OK  [0m] Started Regular background program processing daemon.
[[0;32m  OK  [0m] Started Deferred execution scheduler.
[[0;32m  OK  [0m] Started FUSE filesystem for LXC.
         Starting LXD - container startup/shutdown...
[[0;32m  OK  [0m] Started D-Bus System Message Bus.
[[0;32m  OK  [0m] Started Login Service.
         Starting System Logging Service...
         Starting Snap Daemon...
         Starting Permit User Sessions...
         Starting LSB: automatic crash report generation...
         Starting Pollinate to seed the pseudo random number generator...
         Starting Dispatcher daemon for systemd-networkd...
[[0;32m  OK  [0m] Started Unattended Upgrades Shutdown.
         Starting Accounts Service...
[[0;32m  OK  [0m] Started irqbalance daemon.
[[0;32m  OK  [0m] Started System Logging Service.
[[0;32m  OK  [0m] Started Availability of block devices.
[[0;32m  OK  [0m] Started LXD - container startup/shutdown.
[[0;32m  OK  [0m] Started Permit User Sessions.
         Starting Terminate Plymouth Boot Screen...
         Starting Hold until boot process finishes up...
[[0;32m  OK  [0m] Started Hold until boot process finishes up.
[[0;32m  OK  [0m] Started Serial Getty on ttyS0.
         Starting Set console scheme...
[[0;32m  OK  [0m] Started LSB: automatic crash report generation.
[[0;32m  OK  [0m] Started Terminate Plymouth Boot Screen.
[[0;32m  OK  [0m] Started Set console scheme.
[[0;32m  OK  [0m] Created slice system-getty.slice.
[[0;32m  OK  [0m] Started Getty on tty1.
[[0;32m  OK  [0m] Reached target Login Prompts.
         Starting Authorization Manager...
[[0;32m  OK  [0m] Started Authorization Manager.
[[0;32m  OK  [0m] Started Accounts Service.
[[0;32m  OK  [0m] Started LSB: Record successful boot for GRUB.
[[0;32m  OK  [0m] Started Virtualbox guest utils.
[[0;32m  OK  [0m] Started Dispatcher daemon for systemd-networkd.
[[0;32m  OK  [0m] Started Snap Daemon.
         Starting Wait until snapd is fully seeded...
         Starting Time & Date Service...
[[0;32m  OK  [0m] Started Time & Date Service.
[[0;32m  OK  [0m] Started Pollinate to seed the pseudo random number generator.
         Starting OpenBSD Secure Shell server...
[[0;32m  OK  [0m] Started OpenBSD Secure Shell server.
[[0;32m  OK  [0m] Started Wait until snapd is fully seeded.
[[0;32m  OK  [0m] Reached target Multi-User System.
[[0;32m  OK  [0m] Reached target Graphical Interface.
         Starting Update UTMP about System Runlevel Changes...
         Starting Apply the settings specified in cloud-config...
[[0;32m  OK  [0m] Started Update UTMP about System Runlevel Changes.
[[0;32m  OK  [0m] Created slice User Slice of vagrant.
         Starting User Manager for UID 1000...
[[0;32m  OK  [0m] Started Session 1 of user vagrant.
[[0;32m  OK  [0m] Started User Manager for UID 1000.
[   13.407611] cloud-init[1524]: Cloud-init v. 22.2-0ubuntu1~18.04.2 running 'modules:config' at Sun, 03 Jul 2022 15:30:51 +0000. Up 13.05 seconds.
[[0;32m  OK  [0m] Started Apply the settings specified in cloud-config.
         Starting Execute cloud user/final scripts...
ci-info: no authorized SSH keys fingerprints found for user ubuntu.
<14>Jul  3 15:30:51 cloud-init: #############################################################
<14>Jul  3 15:30:51 cloud-init: -----BEGIN SSH HOST KEY FINGERPRINTS-----
<14>Jul  3 15:30:51 cloud-init: 1024 SHA256:HWb+lG5ETdwDGca8TRDq4AWJ57a3ZyvJ9S5lOIcLXVM root@ubuntu-bionic (DSA)
<14>Jul  3 15:30:51 cloud-init: 256 SHA256:dWZSTNTErhvAxeYOb0uqUetYPMA+6+Ej3DZPrWvGyPU root@ubuntu-bionic (ECDSA)
<14>Jul  3 15:30:51 cloud-init: 256 SHA256:9Xsv/cfY5P+TtST5EDWPvg6OVeKecJE5eVregfP8mzw root@ubuntu-bionic (ED25519)
<14>Jul  3 15:30:51 cloud-init: 2048 SHA256:3VaeQ6jnUemNiPJDos5ytEPJrXVnp5BTDgOwLx/sPeE root@ubuntu-bionic (RSA)
<14>Jul  3 15:30:51 cloud-init: -----END SSH HOST KEY FINGERPRINTS-----
<14>Jul  3 15:30:51 cloud-init: #############################################################
-----BEGIN SSH HOST KEY KEYS-----
ecdsa-sha2-nistp256 AAAAE2VjZHNhLXNoYTItbmlzdHAyNTYAAAAIbmlzdHAyNTYAAABBBCw9WySWL2OHukr5KNPvuBTqG/FHOwhT4VT7GxqFRP3MxpZ15+0e5UGFg43r5cJfeA8EZAYkcDmzgVyGCjGLO3s= root@ubuntu-bionic
ssh-ed25519 AAAAC3NzaC1lZDI1NTE5AAAAIG9MtMw4zKcc2N6uRV5NLzbWVnUinQ7ALkgyqauSiC/b root@ubuntu-bionic
ssh-rsa AAAAB3NzaC1yc2EAAAADAQABAAABAQDAkgCIwLAELq3s2F+0CJUhTbRthtKGwZRzjkwqFEK4a8vlAE0qEVHx+7h6IgciN6YQcougTiko7lvrUBvzKpvd1yZystUHNL7aykci3H8ss8bO99SKeeJRntFvcLkKEe7XGsieb4hkd8n3LWvDOd9F/hX2BNmGpCIVFW+eR7gOnkbE8/EDOuiIkSckRyDB0Klea26UBsuiFgNSwB1fdQFD5dTotQVwk7jSkhkA1IJe42jqXre1Vs+ORc2RMsveNY3odYssxBCmX+cVMPv/CXUyMi063hEFld9Fl9cDMSJzY/nzw7zvFw/gkmSX4ZYx5oxTOlrQCaSAeixyf6pJttjL root@ubuntu-bionic
-----END SSH HOST KEY KEYS-----
[   13.910800] cloud-init[1660]: Cloud-init v. 22.2-0ubuntu1~18.04.2 running 'modules:final' at Sun, 03 Jul 2022 15:30:51 +0000. Up 13.73 seconds.
[   13.911537] cloud-init[1660]: Cloud-init v. 22.2-0ubuntu1~18.04.2 finished at Sun, 03 Jul 2022 15:30:51 +0000. Datasource DataSourceNoCloud [seed=/dev/sdb][dsmode=net].  Up 13.90 seconds
[[0;32m  OK  [0m] Started Execute cloud user/final scripts.
[[0;32m  OK  [0m] Reached target Cloud-init target.

Ubuntu 18.04.6 LTS ubuntu-bionic ttyS0

ubuntu-bionic login: 